# JRE version: OpenJDK Runtime Environment (11.0.12+7) (build 11.0.12+7-b1504.28-7817840)
# Java VM: OpenJDK 64-Bit Server VM (11.0.12+7-b1504.28-7817840, mixed mode, tiered, compressed oops, g1 gc, windows-amd64)
Heap:
 garbage-first heap   total 172032K, used 146557K [0x0000000080000000, 0x0000000100000000)
  region size 1024K, 9 young (9216K), 2 survivors (2048K)
 Metaspace       used 112341K, capacity 115277K, committed 115456K, reserved 1148928K
  class space    used 14228K, capacity 15325K, committed 15360K, reserved 1048576K
GC Heap History (20 events):
Event: 65.088 GC heap after
{Heap after GC invocations=75 (full 0):
 garbage-first heap   total 172032K, used 118609K [0x0000000080000000, 0x0000000100000000)
  region size 1024K, 4 young (4096K), 4 survivors (4096K)
 Metaspace       used 105644K, capacity 108245K, committed 108544K, reserved 1142784K
  class space    used 13522K, capacity 14463K, committed 14592K, reserved 1048576K
}
Event: 685.426 GC heap before
{Heap before GC invocations=75 (full 0):
 garbage-first heap   total 172032K, used 147281K [0x0000000080000000, 0x0000000100000000)
  region size 1024K, 33 young (33792K), 4 survivors (4096K)
 Metaspace       used 107544K, capacity 110290K, committed 110592K, reserved 1144832K
  class space    used 13751K, capacity 14750K, committed 14848K, reserved 1048576K
}
Event: 685.446 GC heap after
{Heap after GC invocations=76 (full 0):
 garbage-first heap   total 172032K, used 119256K [0x0000000080000000, 0x0000000100000000)
  region size 1024K, 3 young (3072K), 3 survivors (3072K)
 Metaspace       used 107544K, capacity 110290K, committed 110592K, reserved 1144832K
  class space    used 13751K, capacity 14750K, committed 14848K, reserved 1048576K
}
Event: 781.066 GC heap before
{Heap before GC invocations=77 (full 0):
 garbage-first heap   total 172032K, used 147928K [0x0000000080000000, 0x0000000100000000)
  region size 1024K, 32 young (32768K), 3 survivors (3072K)
 Metaspace       used 108179K, capacity 110988K, committed 111232K, reserved 1144832K
  class space    used 13796K, capacity 14859K, committed 14976K, reserved 1048576K
}
Event: 781.086 GC heap after
{Heap after GC invocations=78 (full 0):
 garbage-first heap   total 172032K, used 122441K [0x0000000080000000, 0x0000000100000000)
  region size 1024K, 4 young (4096K), 4 survivors (4096K)
 Metaspace       used 108179K, capacity 110988K, committed 111232K, reserved 1144832K
  class space    used 13796K, capacity 14859K, committed 14976K, reserved 1048576K
}
Event: 782.403 GC heap before
{Heap before GC invocations=78 (full 0):
 garbage-first heap   total 172032K, used 148041K [0x0000000080000000, 0x0000000100000000)
  region size 1024K, 29 young (29696K), 4 survivors (4096K)
 Metaspace       used 109593K, capacity 112566K, committed 112640K, reserved 1146880K
  class space    used 13982K, capacity 15078K, committed 15104K, reserved 1048576K
}
Event: 782.426 GC heap after
{Heap after GC invocations=79 (full 0):
 garbage-first heap   total 172032K, used 125193K [0x0000000080000000, 0x0000000100000000)
  region size 1024K, 3 young (3072K), 3 survivors (3072K)
 Metaspace       used 109593K, capacity 112566K, committed 112640K, reserved 1146880K
  class space    used 13982K, capacity 15078K, committed 15104K, reserved 1048576K
}
Event: 783.749 GC heap before
{Heap before GC invocations=80 (full 0):
 garbage-first heap   total 172032K, used 146697K [0x0000000080000000, 0x0000000100000000)
  region size 1024K, 25 young (25600K), 3 survivors (3072K)
 Metaspace       used 110979K, capacity 114013K, committed 114048K, reserved 1148928K
  class space    used 14108K, capacity 15205K, committed 15232K, reserved 1048576K
}
Event: 783.764 GC heap after
{Heap after GC invocations=81 (full 0):
 garbage-first heap   total 172032K, used 126323K [0x0000000080000000, 0x0000000100000000)
  region size 1024K, 2 young (2048K), 2 survivors (2048K)
 Metaspace       used 110979K, capacity 114013K, committed 114048K, reserved 1148928K
  class space    used 14108K, capacity 15205K, committed 15232K, reserved 1048576K
}
Event: 783.973 GC heap before
{Heap before GC invocations=81 (full 0):
 garbage-first heap   total 172032K, used 131443K [0x0000000080000000, 0x0000000100000000)
  region size 1024K, 8 young (8192K), 2 survivors (2048K)
 Metaspace       used 111008K, capacity 114082K, committed 114304K, reserved 1148928K
  class space    used 14108K, capacity 15205K, committed 15232K, reserved 1048576K
}
Event: 783.984 GC heap after
{Heap after GC invocations=82 (full 0):
 garbage-first heap   total 172032K, used 124054K [0x0000000080000000, 0x0000000100000000)
  region size 1024K, 1 young (1024K), 1 survivors (1024K)
 Metaspace       used 111008K, capacity 114082K, committed 114304K, reserved 1148928K
  class space    used 14108K, capacity 15205K, committed 15232K, reserved 1048576K
}
Event: 785.507 GC heap before
{Heap before GC invocations=82 (full 0):
 garbage-first heap   total 172032K, used 146582K [0x0000000080000000, 0x0000000100000000)
  region size 1024K, 24 young (24576K), 1 survivors (1024K)
 Metaspace       used 112139K, capacity 115149K, committed 115200K, reserved 1148928K
  class space    used 14228K, capacity 15325K, committed 15360K, reserved 1048576K
}
Event: 785.521 GC heap after
{Heap after GC invocations=83 (full 0):
 garbage-first heap   total 172032K, used 127223K [0x0000000080000000, 0x0000000100000000)
  region size 1024K, 3 young (3072K), 3 survivors (3072K)
 Metaspace       used 112139K, capacity 115149K, committed 115200K, reserved 1148928K
  class space    used 14228K, capacity 15325K, committed 15360K, reserved 1048576K
}
Event: 786.544 GC heap before
{Heap before GC invocations=84 (full 0):
 garbage-first heap   total 172032K, used 149751K [0x0000000080000000, 0x0000000100000000)
  region size 1024K, 23 young (23552K), 3 survivors (3072K)
 Metaspace       used 112234K, capacity 115213K, committed 115456K, reserved 1148928K
  class space    used 14228K, capacity 15325K, committed 15360K, reserved 1048576K
}
Event: 786.556 GC heap after
{Heap after GC invocations=85 (full 0):
 garbage-first heap   total 172032K, used 133270K [0x0000000080000000, 0x0000000100000000)
  region size 1024K, 3 young (3072K), 3 survivors (3072K)
 Metaspace       used 112234K, capacity 115213K, committed 115456K, reserved 1148928K
  class space    used 14228K, capacity 15325K, committed 15360K, reserved 1048576K
}
Event: 786.647 GC heap before
{Heap before GC invocations=85 (full 0):
 garbage-first heap   total 172032K, used 138390K [0x0000000080000000, 0x0000000100000000)
  region size 1024K, 8 young (8192K), 3 survivors (3072K)
 Metaspace       used 112240K, capacity 115213K, committed 115456K, reserved 1148928K
  class space    used 14228K, capacity 15325K, committed 15360K, reserved 1048576K
}
Event: 786.659 GC heap after
{Heap after GC invocations=86 (full 0):
 garbage-first heap   total 172032K, used 135972K [0x0000000080000000, 0x0000000100000000)
  region size 1024K, 1 young (1024K), 1 survivors (1024K)
 Metaspace       used 112240K, capacity 115213K, committed 115456K, reserved 1148928K
  class space    used 14228K, capacity 15325K, committed 15360K, reserved 1048576K
}
Event: 786.996 GC heap before
{Heap before GC invocations=86 (full 0):
 garbage-first heap   total 172032K, used 146212K [0x0000000080000000, 0x0000000100000000)
  region size 1024K, 11 young (11264K), 1 survivors (1024K)
 Metaspace       used 112338K, capacity 115277K, committed 115456K, reserved 1148928K
  class space    used 14228K, capacity 15325K, committed 15360K, reserved 1048576K
}
Event: 787.006 GC heap after
{Heap after GC invocations=87 (full 0):
 garbage-first heap   total 172032K, used 139389K [0x0000000080000000, 0x0000000100000000)
  region size 1024K, 2 young (2048K), 2 survivors (2048K)
 Metaspace       used 112338K, capacity 115277K, committed 115456K, reserved 1148928K
  class space    used 14228K, capacity 15325K, committed 15360K, reserved 1048576K
}
Event: 787.297 GC heap before
{Heap before GC invocations=87 (full 0):
 garbage-first heap   total 172032K, used 146557K [0x0000000080000000, 0x0000000100000000)
  region size 1024K, 9 young (9216K), 2 survivors (2048K)
 Metaspace       used 112341K, capacity 115277K, committed 115456K, reserved 1148928K
  class space    used 14228K, capacity 15325K, committed 15360K, reserved 1048576K
}

